#
# A fatal error has been detected by the Java Runtime Environment:
#
#  EXCEPTION_ACCESS_VIOLATION (0xc0000005) at pc=0x63eada1b, pid=14564, tid=0x00000a04
#
# JRE version: Java(TM) SE Runtime Environment (8.0_191-b12) (build 1.8.0_191-b12)
# Java VM: Java HotSpot(TM) Client VM (25.191-b12 mixed mode windows-x86 )
# Problematic frame:
# V  [jvm.dll+0xbda1b]
#
# Failed to write core dump. Minidumps are not enabled by default on client versions of Windows
#
# If you would like to submit a bug report, please visit:
#   http://bugreport.java.com/bugreport/crash.jsp
#

---------------  T H R E A D  ---------------

Current thread (0x25d90c00):  VMThread [stack: 0x25f90000,0x25fe0000] [id=2564]

siginfo: ExceptionCode=0xc0000005, reading address 0x048963c0

Registers:
EAX=0x048963c0, EBX=0x26ff8440, ECX=0x00000000, EDX=0x09fe9a0c
ESP=0x25fdf640, EBP=0x25fdf654, ESI=0x09fe99e4, EDI=0x25fdf7e0
EIP=0x63eada1b, EFLAGS=0x00010287

Top of Stack: (sp=0x25fdf640)
0x25fdf640:   09ff0490 09fe99b0 25fdf7e0 26ff8298
0x25fdf650:   26ff8448 25fdf674 63e96c8f 09fe99b0
0x25fdf660:   09fe9a0c 02f04600 25fdf7e0 02f04480
0x25fdf670:   02f04828 25fdf688 63e8579d 25fdf7e0
0x25fdf680:   02f04480 00000000 25fdf69c 63e89bac
0x25fdf690:   25fdf7e0 25fdf794 00000000 25fdf8b8
0x25fdf6a0:   63e85bc7 00000000 25fdf7e0 25fdf754
0x25fdf6b0:   02f04600 63e86b34 02fe2040 02f04480 

Instructions: (pc=0x63eada1b)
0x63ead9fb:   75 08 8b 53 04 8d 14 96 89 55 0c 3b f2 73 7b 8d
0x63eada0b:   9b 00 00 00 00 8b 06 85 c0 74 65 3b 47 24 73 60
0x63eada1b:   8b 08 83 e1 03 80 f9 03 75 1e 8b 00 80 3d ec e5
0x63eada2b:   14 64 00 74 0e 8b c8 83 e1 07 80 f9 05 75 04 33 


Register to memory mapping:

EAX=0x048963c0 is an unknown value
EBX=0x26ff8440 is pointing into metadata
ECX=0x00000000 is an unknown value
EDX=0x09fe9a0c is pointing into object: 0x09fe99b0
cc.arduino.contributions.libraries.ContributedLibrary 
 - klass: 'cc/arduino/contributions/libraries/ContributedLibrary'
ESP=0x25fdf640 is an unknown value
EBP=0x25fdf654 is an unknown value
ESI=0x09fe99e4 is pointing into object: 0x09fe99b0
cc.arduino.contributions.libraries.ContributedLibrary 
 - klass: 'cc/arduino/contributions/libraries/ContributedLibrary'
EDI=0x25fdf7e0 is an unknown value


Stack: [0x25f90000,0x25fe0000],  sp=0x25fdf640,  free space=317k
Native frames: (J=compiled Java code, j=interpreted, Vv=VM code, C=native code)
V  [jvm.dll+0xbda1b]
V  [jvm.dll+0xa6c8f]
V  [jvm.dll+0x9579d]
V  [jvm.dll+0x99bac]
V  [jvm.dll+0x95bc7]
V  [jvm.dll+0x9a833]
V  [jvm.dll+0x94815]
V  [jvm.dll+0x1bb9e6]
V  [jvm.dll+0x184e0b]
V  [jvm.dll+0x184221]
V  [jvm.dll+0x184637]
V  [jvm.dll+0x184832]
V  [jvm.dll+0x1c57a6]
C  [msvcr100.dll+0x5c556]
C  [msvcr100.dll+0x5c600]
C  [KERNEL32.DLL+0x16739]
C  [ntdll.dll+0x68fef]
C  [ntdll.dll+0x68fbd]

VM_Operation (0x29f5e514): GenCollectForAllocation, mode: safepoint, requested by thread 0x2878c000


---------------  P R O C E S S  ---------------

Java Threads: ( => current thread )
  0x290ac800 JavaThread "EventThread COM8" [_thread_in_native, id=18676, stack(0x27c50000,0x27ca0000)]
  0x290af400 JavaThread "JmDNS(host-docker-internal.local.).State.Timer" [_thread_blocked, id=8208, stack(0x2a0c0000,0x2a110000)]
  0x290b1c00 JavaThread "JmDNS(host-docker-internal.local.).Timer" daemon [_thread_blocked, id=14448, stack(0x2a030000,0x2a080000)]
  0x290b2c00 JavaThread "SocketListener(host-docker-internal.local.)" daemon [_thread_in_native, id=8420, stack(0x03070000,0x030c0000)]
  0x290ae800 JavaThread "JmDNS(DESKTOP-V7PG0CO.local.).State.Timer" [_thread_blocked, id=10640, stack(0x275f0000,0x27640000)]
  0x290ac400 JavaThread "JmDNS(DESKTOP-V7PG0CO.local.).Timer" daemon [_thread_blocked, id=13852, stack(0x259d0000,0x25a20000)]
  0x290af000 JavaThread "SocketListener(DESKTOP-V7PG0CO.local.)" daemon [_thread_in_native, id=10012, stack(0x02e50000,0x02ea0000)]
  0x290b0000 JavaThread "DestroyJavaVM" [_thread_blocked, id=2292, stack(0x030d0000,0x03120000)]
  0x2878cc00 JavaThread "TimerQueue" daemon [_thread_blocked, id=6840, stack(0x2b420000,0x2b470000)]
  0x2878c000 JavaThread "AWT-EventQueue-0" [_thread_blocked, id=10120, stack(0x29f10000,0x29f60000)]
  0x2878b800 JavaThread "AWT-Shutdown" [_thread_blocked, id=11028, stack(0x29e80000,0x29ed0000)]
  0x287cf400 JavaThread "Batik CleanerThread" daemon [_thread_blocked, id=18412, stack(0x28070000,0x280c0000)]
  0x285fe800 JavaThread "Multihomed mDNS.Timer" daemon [_thread_blocked, id=18428, stack(0x031a0000,0x031f0000)]
  0x285fe000 JavaThread "cc.arduino.packages.discoverers.serial.SerialDiscovery" [_thread_blocked, id=10688, stack(0x27560000,0x275b0000)]
  0x2690fc00 JavaThread "AWT-Windows" daemon [_thread_in_native, id=5316, stack(0x26cc0000,0x26d10000)]
  0x2690e400 JavaThread "Java2D Disposer" daemon [_thread_blocked, id=13316, stack(0x26ba0000,0x26bf0000)]
  0x25de8c00 JavaThread "Service Thread" daemon [_thread_blocked, id=4232, stack(0x26410000,0x26460000)]
  0x25dc2400 JavaThread "C1 CompilerThread0" daemon [_thread_blocked, id=8564, stack(0x26380000,0x263d0000)]
  0x25dc0400 JavaThread "Attach Listener" daemon [_thread_blocked, id=4236, stack(0x262f0000,0x26340000)]
  0x25dbe400 JavaThread "Signal Dispatcher" daemon [_thread_blocked, id=15844, stack(0x26260000,0x262b0000)]
  0x25dac400 JavaThread "Finalizer" daemon [_thread_blocked, id=18584, stack(0x260b0000,0x26100000)]
  0x25da6400 JavaThread "Reference Handler" daemon [_thread_blocked, id=9656, stack(0x26020000,0x26070000)]

Other Threads:
=>0x25d90c00 VMThread [stack: 0x25f90000,0x25fe0000] [id=2564]
  0x25dcd800 WatcherThread [stack: 0x26610000,0x26660000] [id=8328]

VM state:at safepoint (normal execution)

VM Mutex/Monitor currently owned by a thread:  ([mutex/lock_event])
[0x02f00558] Threads_lock - owner thread: 0x25d90c00
[0x02f000e0] Heap_lock - owner thread: 0x2878c000

Heap:
 def new generation   total 79936K, used 79936K [0x05400000, 0x0aab0000, 0x0fea0000)
  eden space 71104K, 100% used [0x05400000, 0x09970000, 0x09970000)
  from space 8832K, 100% used [0x0a210000, 0x0aab0000, 0x0aab0000)
  to   space 8832K,  81% used [0x09970000, 0x0a079988, 0x0a210000)
 tenured generation   total 177336K, used 147184K [0x0fea0000, 0x1abce000, 0x25400000)
   the space 177336K,  82% used [0x0fea0000, 0x18e5c038, 0x18e5c200, 0x1abce000)
 Metaspace       used 25204K, capacity 25753K, committed 25856K, reserved 25984K

Card table byte_map: [0x05280000,0x05390000] byte_map_base: 0x05256000

Polling page: 0x01680000

CodeCache: size=32768Kb used=4757Kb max_used=5056Kb free=28011Kb
 bounds [0x03200000, 0x036f8000, 0x05200000]
 total_blobs=3064 nmethods=2770 adapters=223
 compilation: enabled

Compilation events (10 events):
Event: 478.318 Thread 0x25dc2400 3106             java.util.ArrayList::rangeCheck (22 bytes)
Event: 478.319 Thread 0x25dc2400 nmethod 3106 0x032cf7c8 code [0x032cf910, 0x032cfbb8]
Event: 479.307 Thread 0x25dc2400 3107             java.awt.image.VolatileImage::getGraphics (5 bytes)
Event: 479.307 Thread 0x25dc2400 nmethod 3107 0x032f9c48 code [0x032f9d50, 0x032f9dec]
Event: 480.291 Thread 0x25dc2400 3108             sun.awt.windows.WObjectPeer::isDisposed (5 bytes)
Event: 480.292 Thread 0x25dc2400 nmethod 3108 0x032fa308 code [0x032fa400, 0x032fa480]
Event: 482.351 Thread 0x25dc2400 3109             java.util.ArrayList$Itr::hasNext (20 bytes)
Event: 482.351 Thread 0x25dc2400 nmethod 3109 0x032fee08 code [0x032fef00, 0x032fefa0]
Event: 482.874 Thread 0x25dc2400 3110             java.util.HashMap$Node::<init> (26 bytes)
Event: 482.875 Thread 0x25dc2400 nmethod 3110 0x03300f48 code [0x03301040, 0x033010f0]

GC Heap History (10 events):
Event: 5.563 GC heap after
Heap after GC invocations=9 (full 2):
 def new generation   total 49792K, used 0K [0x05400000, 0x08a00000, 0x0fea0000)
  eden space 44288K,   0% used [0x05400000, 0x05400000, 0x07f40000)
  from space 5504K,   0% used [0x07f40000, 0x07f40000, 0x084a0000)
  to   space 5504K,   0% used [0x084a0000, 0x084a0000, 0x08a00000)
 tenured generation   total 110484K, used 66288K [0x0fea0000, 0x16a85000, 0x25400000)
   the space 110484K,  59% used [0x0fea0000, 0x13f5c3b0, 0x13f5c400, 0x16a85000)
 Metaspace       used 20073K, capacity 20474K, committed 20480K, reserved 20864K
}
Event: 18.728 GC heap before
{Heap before GC invocations=9 (full 2):
 def new generation   total 49792K, used 44288K [0x05400000, 0x08a00000, 0x0fea0000)
  eden space 44288K, 100% used [0x05400000, 0x07f40000, 0x07f40000)
  from space 5504K,   0% used [0x07f40000, 0x07f40000, 0x084a0000)
  to   space 5504K,   0% used [0x084a0000, 0x084a0000, 0x08a00000)
 tenured generation   total 110484K, used 66288K [0x0fea0000, 0x16a85000, 0x25400000)
   the space 110484K,  59% used [0x0fea0000, 0x13f5c3b0, 0x13f5c400, 0x16a85000)
 Metaspace       used 23505K, capacity 23981K, committed 24064K, reserved 24960K
Event: 18.743 GC heap after
Heap after GC invocations=10 (full 2):
 def new generation   total 49792K, used 5504K [0x05400000, 0x08a00000, 0x0fea0000)
  eden space 44288K,   0% used [0x05400000, 0x05400000, 0x07f40000)
  from space 5504K, 100% used [0x084a0000, 0x08a00000, 0x08a00000)
  to   space 5504K,   0% used [0x07f40000, 0x07f40000, 0x084a0000)
 tenured generation   total 110484K, used 71827K [0x0fea0000, 0x16a85000, 0x25400000)
   the space 110484K,  65% used [0x0fea0000, 0x144c4db8, 0x144c4e00, 0x16a85000)
 Metaspace       used 23505K, capacity 23981K, committed 24064K, reserved 24960K
}
Event: 66.721 GC heap before
{Heap before GC invocations=10 (full 2):
 def new generation   total 49792K, used 48317K [0x05400000, 0x08a00000, 0x0fea0000)
  eden space 44288K,  96% used [0x05400000, 0x07dcf628, 0x07f40000)
  from space 5504K, 100% used [0x084a0000, 0x08a00000, 0x08a00000)
  to   space 5504K,   0% used [0x07f40000, 0x07f40000, 0x084a0000)
 tenured generation   total 110484K, used 71827K [0x0fea0000, 0x16a85000, 0x25400000)
   the space 110484K,  65% used [0x0fea0000, 0x144c4db8, 0x144c4e00, 0x16a85000)
 Metaspace       used 24219K, capacity 24775K, committed 24832K, reserved 24960K
Event: 66.749 GC heap after
Heap after GC invocations=11 (full 2):
 def new generation   total 49792K, used 904K [0x05400000, 0x08a00000, 0x0fea0000)
  eden space 44288K,   0% used [0x05400000, 0x05400000, 0x07f40000)
  from space 5504K,  16% used [0x07f40000, 0x08022028, 0x084a0000)
  to   space 5504K,   0% used [0x084a0000, 0x084a0000, 0x08a00000)
 tenured generation   total 110484K, used 91574K [0x0fea0000, 0x16a85000, 0x25400000)
   the space 110484K,  82% used [0x0fea0000, 0x1580d838, 0x1580da00, 0x16a85000)
 Metaspace       used 24219K, capacity 24775K, committed 24832K, reserved 24960K
}
Event: 66.771 GC heap before
{Heap before GC invocations=11 (full 2):
 def new generation   total 49792K, used 33000K [0x05400000, 0x08a00000, 0x0fea0000)
  eden space 44288K,  72% used [0x05400000, 0x07358028, 0x07f40000)
  from space 5504K,  16% used [0x07f40000, 0x08022028, 0x084a0000)
  to   space 5504K,   0% used [0x084a0000, 0x084a0000, 0x08a00000)
 tenured generation   total 110484K, used 91574K [0x0fea0000, 0x16a85000, 0x25400000)
   the space 110484K,  82% used [0x0fea0000, 0x1580d838, 0x1580da00, 0x16a85000)
 Metaspace       used 24219K, capacity 24775K, committed 24832K, reserved 24960K
Event: 66.975 GC heap after
Heap after GC invocations=12 (full 3):
 def new generation   total 79936K, used 0K [0x05400000, 0x0aab0000, 0x0fea0000)
  eden space 71104K,   0% used [0x05400000, 0x05400000, 0x09970000)
  from space 8832K,   0% used [0x09970000, 0x09970000, 0x0a210000)
  to   space 8832K,   0% used [0x0a210000, 0x0a210000, 0x0aab0000)
 tenured generation   total 177336K, used 106400K [0x0fea0000, 0x1abce000, 0x25400000)
   the space 177336K,  59% used [0x0fea0000, 0x166881e0, 0x16688200, 0x1abce000)
 Metaspace       used 24219K, capacity 24775K, committed 24832K, reserved 24960K
}
Event: 68.097 GC heap before
{Heap before GC invocations=12 (full 3):
 def new generation   total 79936K, used 71104K [0x05400000, 0x0aab0000, 0x0fea0000)
  eden space 71104K, 100% used [0x05400000, 0x09970000, 0x09970000)
  from space 8832K,   0% used [0x09970000, 0x09970000, 0x0a210000)
  to   space 8832K,   0% used [0x0a210000, 0x0a210000, 0x0aab0000)
 tenured generation   total 177336K, used 106400K [0x0fea0000, 0x1abce000, 0x25400000)
   the space 177336K,  59% used [0x0fea0000, 0x166881e0, 0x16688200, 0x1abce000)
 Metaspace       used 24226K, capacity 24783K, committed 24832K, reserved 24960K
Event: 68.214 GC heap after
Heap after GC invocations=13 (full 3):
 def new generation   total 79936K, used 8832K [0x05400000, 0x0aab0000, 0x0fea0000)
  eden space 71104K,   0% used [0x05400000, 0x05400000, 0x09970000)
  from space 8832K, 100% used [0x0a210000, 0x0aab0000, 0x0aab0000)
  to   space 8832K,   0% used [0x09970000, 0x09970000, 0x0a210000)
 tenured generation   total 177336K, used 138374K [0x0fea0000, 0x1abce000, 0x25400000)
   the space 177336K,  78% used [0x0fea0000, 0x185c1820, 0x185c1a00, 0x1abce000)
 Metaspace       used 24226K, capacity 24783K, committed 24832K, reserved 24960K
}
Event: 483.297 GC heap before
{Heap before GC invocations=13 (full 3):
 def new generation   total 79936K, used 79936K [0x05400000, 0x0aab0000, 0x0fea0000)
  eden space 71104K, 100% used [0x05400000, 0x09970000, 0x09970000)
  from space 8832K, 100% used [0x0a210000, 0x0aab0000, 0x0aab0000)
  to   space 8832K,   0% used [0x09970000, 0x09970000, 0x0a210000)
 tenured generation   total 177336K, used 138374K [0x0fea0000, 0x1abce000, 0x25400000)
   the space 177336K,  78% used [0x0fea0000, 0x185c1820, 0x185c1a00, 0x1abce000)
 Metaspace       used 25204K, capacity 25753K, committed 25856K, reserved 25984K

Deoptimization events (0 events):
No events

Classes redefined (0 events):
No events

Internal exceptions (10 events):
Event: 101.304 Thread 0x290b2000 Exception <a 'sun/nio/fs/WindowsException'> (0x07d89f30) thrown at [C:\workspace\8-2-build-windows-i586-cygwin\jdk8u191\11896\hotspot\src\share\vm\prims\jni.cpp, line 709]
Event: 101.304 Thread 0x290b2000 Exception <a 'sun/nio/fs/WindowsException'> (0x07d8a500) thrown at [C:\workspace\8-2-build-windows-i586-cygwin\jdk8u191\11896\hotspot\src\share\vm\prims\jni.cpp, line 709]
Event: 101.306 Thread 0x290b2000 Exception <a 'sun/nio/fs/WindowsException'> (0x07d98540) thrown at [C:\workspace\8-2-build-windows-i586-cygwin\jdk8u191\11896\hotspot\src\share\vm\prims\jni.cpp, line 709]
Event: 101.306 Thread 0x290b2000 Exception <a 'sun/nio/fs/WindowsException'> (0x07d98ae8) thrown at [C:\workspace\8-2-build-windows-i586-cygwin\jdk8u191\11896\hotspot\src\share\vm\prims\jni.cpp, line 709]
Event: 101.308 Thread 0x290b2000 Exception <a 'sun/nio/fs/WindowsException'> (0x07dc2be0) thrown at [C:\workspace\8-2-build-windows-i586-cygwin\jdk8u191\11896\hotspot\src\share\vm\prims\jni.cpp, line 709]
Event: 101.308 Thread 0x290b2000 Exception <a 'sun/nio/fs/WindowsException'> (0x07dc3198) thrown at [C:\workspace\8-2-build-windows-i586-cygwin\jdk8u191\11896\hotspot\src\share\vm\prims\jni.cpp, line 709]
Event: 101.310 Thread 0x290b2000 Exception <a 'sun/nio/fs/WindowsException'> (0x07dda138) thrown at [C:\workspace\8-2-build-windows-i586-cygwin\jdk8u191\11896\hotspot\src\share\vm\prims\jni.cpp, line 709]
Event: 101.310 Thread 0x290b2000 Exception <a 'sun/nio/fs/WindowsException'> (0x07dda708) thrown at [C:\workspace\8-2-build-windows-i586-cygwin\jdk8u191\11896\hotspot\src\share\vm\prims\jni.cpp, line 709]
Event: 101.312 Thread 0x290b2000 Exception <a 'sun/nio/fs/WindowsException'> (0x07df20d0) thrown at [C:\workspace\8-2-build-windows-i586-cygwin\jdk8u191\11896\hotspot\src\share\vm\prims\jni.cpp, line 709]
Event: 101.312 Thread 0x290b2000 Exception <a 'sun/nio/fs/WindowsException'> (0x07df2678) thrown at [C:\workspace\8-2-build-windows-i586-cygwin\jdk8u191\11896\hotspot\src\share\vm\prims\jni.cpp, line 709]

Events (10 events):
Event: 482.875 Thread 0x25dc2400 flushing nmethod 0x03310448
Event: 482.875 Thread 0x25dc2400 flushing nmethod 0x03311848
Event: 482.875 Thread 0x25dc2400 flushing nmethod 0x03311c08
Event: 482.875 Thread 0x25dc2400 flushing nmethod 0x03312408
Event: 482.875 Thread 0x25dc2400 flushing nmethod 0x03312808
Event: 482.875 Thread 0x25dc2400 flushing nmethod 0x03312dc8
Event: 482.875 Thread 0x25dc2400 flushing nmethod 0x03313188
Event: 482.875 Thread 0x25dc2400 flushing nmethod 0x03313688
Event: 482.875 Thread 0x25dc2400 flushing nmethod 0x03313848
Event: 483.297 Executing VM operation: GenCollectForAllocation


Dynamic libraries:
0x00ab0000 - 0x00ae3000 	C:\Program Files (x86)\Arduino\java\bin\javaw.exe
0x778f0000 - 0x77a9a000 	C:\WINDOWS\SYSTEM32\ntdll.dll
0x76bd0000 - 0x76cc0000 	C:\WINDOWS\System32\KERNEL32.DLL
0x756b0000 - 0x75907000 	C:\WINDOWS\System32\KERNELBASE.dll
0x75d50000 - 0x75dcc000 	C:\WINDOWS\System32\ADVAPI32.dll
0x76cc0000 - 0x76d82000 	C:\WINDOWS\System32\msvcrt.dll
0x77260000 - 0x772da000 	C:\WINDOWS\System32\sechost.dll
0x769a0000 - 0x76a5b000 	C:\WINDOWS\System32\RPCRT4.dll
0x76e20000 - 0x76fcc000 	C:\WINDOWS\System32\USER32.dll
0x75690000 - 0x756aa000 	C:\WINDOWS\System32\win32u.dll
0x775f0000 - 0x77612000 	C:\WINDOWS\System32\GDI32.dll
0x77800000 - 0x778df000 	C:\WINDOWS\System32\gdi32full.dll
0x76700000 - 0x7677b000 	C:\WINDOWS\System32\msvcp_win.dll
0x76880000 - 0x76992000 	C:\WINDOWS\System32\ucrtbase.dll
0x66520000 - 0x66743000 	C:\WINDOWS\WinSxS\x86_microsoft.windows.common-controls_6595b64144ccf1df_6.0.22000.120_none_e541a94fcce8ed6d\COMCTL32.dll
0x76790000 - 0x767b5000 	C:\WINDOWS\System32\IMM32.DLL
0x64210000 - 0x642cf000 	C:\Program Files (x86)\Arduino\java\bin\msvcr100.dll
0x63df0000 - 0x641c3000 	C:\Program Files (x86)\Arduino\java\bin\client\jvm.dll
0x76780000 - 0x76786000 	C:\WINDOWS\System32\PSAPI.DLL
0x74ed0000 - 0x74f01000 	C:\WINDOWS\SYSTEM32\WINMM.dll
0x745c0000 - 0x745c8000 	C:\WINDOWS\SYSTEM32\VERSION.dll
0x66750000 - 0x66758000 	C:\WINDOWS\SYSTEM32\WSOCK32.dll
0x763e0000 - 0x76444000 	C:\WINDOWS\System32\WS2_32.dll
0x63dc0000 - 0x63df0000 	C:\Program Files (x86)\Arduino\java\bin\splashscreen.dll
0x6d010000 - 0x6d092000 	C:\WINDOWS\system32\uxtheme.dll
0x76fd0000 - 0x7725c000 	C:\WINDOWS\System32\combase.dll
0x63db0000 - 0x63dbc000 	C:\Program Files (x86)\Arduino\java\bin\verify.dll
0x63d80000 - 0x63da2000 	C:\Program Files (x86)\Arduino\java\bin\java.dll
0x77510000 - 0x775ea000 	C:\WINDOWS\System32\MSCTF.dll
0x63d60000 - 0x63d74000 	C:\Program Files (x86)\Arduino\java\bin\zip.dll
0x745d0000 - 0x745e2000 	C:\WINDOWS\SYSTEM32\kernel.appcore.dll
0x772e0000 - 0x77344000 	C:\WINDOWS\System32\bcryptPrimitives.dll
0x66db0000 - 0x66e91000 	C:\WINDOWS\SYSTEM32\textinputframework.dll
0x77680000 - 0x7771c000 	C:\WINDOWS\System32\OLEAUT32.dll
0x75dd0000 - 0x763dc000 	C:\WINDOWS\System32\SHELL32.dll
0x746e0000 - 0x74d82000 	C:\WINDOWS\SYSTEM32\windows.storage.dll
0x745f0000 - 0x746da000 	C:\WINDOWS\SYSTEM32\wintypes.dll
0x77730000 - 0x777f1000 	C:\WINDOWS\System32\SHCORE.dll
0x766b0000 - 0x766fa000 	C:\WINDOWS\System32\shlwapi.dll
0x70a00000 - 0x70a18000 	C:\WINDOWS\SYSTEM32\profapi.dll
0x61940000 - 0x619b3000 	C:\Program Files (x86)\Arduino\lib\listSerialsj.dll
0x75910000 - 0x75d4b000 	C:\WINDOWS\System32\SETUPAPI.dll
0x755c0000 - 0x755fb000 	C:\WINDOWS\SYSTEM32\cfgmgr32.DLL
0x63d40000 - 0x63d5d000 	C:\Program Files (x86)\Arduino\lib\jnidispatch-4.2.2-win32-x86.dll
0x76470000 - 0x765bd000 	C:\WINDOWS\System32\Ole32.dll
0x63d20000 - 0x63d35000 	C:\Program Files (x86)\Arduino\java\bin\net.dll
0x74f10000 - 0x74f60000 	C:\WINDOWS\system32\mswsock.dll
0x63d10000 - 0x63d1f000 	C:\Program Files (x86)\Arduino\java\bin\nio.dll
0x63bc0000 - 0x63d07000 	C:\Program Files (x86)\Arduino\java\bin\awt.dll
0x6a320000 - 0x6a3c0000 	C:\WINDOWS\SYSTEM32\apphelp.dll
0x664f0000 - 0x66517000 	C:\WINDOWS\system32\DWMAPI.DLL
0x63b80000 - 0x63bb9000 	C:\Program Files (x86)\Arduino\java\bin\fontmanager.dll
0x63aa0000 - 0x63b80000 	C:\WINDOWS\system32\opengl32.dll
0x63a50000 - 0x63a91000 	C:\WINDOWS\SYSTEM32\GLU32.dll
0x66310000 - 0x6633e000 	C:\WINDOWS\SYSTEM32\dxcore.dll
0x63a10000 - 0x63a42000 	C:\Program Files (x86)\Arduino\java\bin\t2k.dll
0x63a00000 - 0x63a0a000 	C:\Program Files (x86)\Arduino\java\bin\management.dll
0x6f7a0000 - 0x6f7b2000 	C:\WINDOWS\system32\napinsp.dll
0x6f780000 - 0x6f796000 	C:\WINDOWS\system32\pnrpnsp.dll
0x73aa0000 - 0x73b4f000 	C:\WINDOWS\SYSTEM32\DNSAPI.dll
0x75600000 - 0x75624000 	C:\WINDOWS\SYSTEM32\IPHLPAPI.DLL
0x77720000 - 0x77727000 	C:\WINDOWS\System32\NSI.dll
0x6f770000 - 0x6f77e000 	C:\WINDOWS\System32\winrnr.dll
0x6f750000 - 0x6f761000 	C:\WINDOWS\system32\wshbth.dll
0x6f730000 - 0x6f749000 	C:\WINDOWS\system32\nlansp_c.dll
0x73a30000 - 0x73a8b000 	C:\WINDOWS\System32\fwpuclnt.dll
0x73a90000 - 0x73a98000 	C:\Windows\System32\rasadhlp.dll
0x6f710000 - 0x6f725000 	C:\WINDOWS\SYSTEM32\dhcpcsvc6.DLL
0x6f6f0000 - 0x6f707000 	C:\WINDOWS\SYSTEM32\dhcpcsvc.DLL
0x72520000 - 0x72533000 	C:\WINDOWS\SYSTEM32\CRYPTSP.dll
0x724f0000 - 0x7251f000 	C:\WINDOWS\system32\rsaenh.dll
0x6e140000 - 0x6e15f000 	C:\WINDOWS\SYSTEM32\USERENV.dll
0x74e20000 - 0x74e39000 	C:\WINDOWS\SYSTEM32\bcrypt.dll
0x71a80000 - 0x71a8b000 	C:\WINDOWS\SYSTEM32\CRYPTBASE.dll
0x73c70000 - 0x73c94000 	C:\WINDOWS\SYSTEM32\DEVOBJ.dll
0x773c0000 - 0x7740f000 	C:\WINDOWS\System32\WINTRUST.dll
0x77410000 - 0x7750e000 	C:\WINDOWS\System32\CRYPT32.dll
0x73c50000 - 0x73c5e000 	C:\WINDOWS\SYSTEM32\MSASN1.dll
0x639e0000 - 0x63a00000 	C:\Program Files (x86)\Arduino\java\bin\sunec.dll
0x639d0000 - 0x639d9000 	C:\Program Files (x86)\Arduino\java\bin\sunmscapi.dll
0x63960000 - 0x639c9000 	C:\Program Files (x86)\Arduino\msvcp100.dll
0x638a0000 - 0x6395e000 	C:\Program Files (x86)\Arduino\msvcr100.dll
0x27dc0000 - 0x27df2000 	C:\Program Files (x86)\Arduino\lib\AStylej.dll
0x63870000 - 0x63894000 	C:\Program Files (x86)\Arduino\java\bin\dcpr.dll
0x76620000 - 0x766a2000 	C:\WINDOWS\System32\clbcatq.dll
0x63710000 - 0x63870000 	C:\WINDOWS\SYSTEM32\WindowsCodecs.dll
0x636c0000 - 0x6370e000 	C:\WINDOWS\system32\dataexchange.dll
0x634c0000 - 0x636b7000 	C:\WINDOWS\system32\twinapi.appcore.dll
0x64860000 - 0x6492b000 	C:\WINDOWS\System32\CoreMessaging.dll
0x27640000 - 0x2765b000 	C:\Program Files (x86)\Arduino\lib\jSSC-2.8_x86.dll
0x69450000 - 0x69617000 	C:\WINDOWS\SYSTEM32\dbghelp.dll

VM Arguments:
jvm_args: -Dsun.java2d.d3d=false -Djna.nosys=true -Djna.nounpack=true -Djna.boot.library.name=jnidispatch-4.2.2-win32-x86 -Djna.boot.library.path=C:\Program Files (x86)\Arduino/lib -Djssc.library.path=C:\Program Files (x86)\Arduino/lib -DAPP_DIR=C:\Program Files (x86)\Arduino -Xms128M -Xmx512M -Dfile.encoding=UTF8 -Djava.net.preferIPv4Stack=true 
java_command: processing.app.Base C:\Users\User\OneDrive\Documents\GitHub\Projeto-Integrado-de-Telecomunicacoes\fase_B\A_Server_0_1\A_Server_0_1.ino
java_class_path (initial): C:\Program Files (x86)\Arduino\lib\apple.jar;C:\Program Files (x86)\Arduino\lib\arduino-core.jar;C:\Program Files (x86)\Arduino\lib\batik-1.8.jar;C:\Program Files (x86)\Arduino\lib\batik-anim-1.8.jar;C:\Program Files (x86)\Arduino\lib\batik-awt-util-1.8.jar;C:\Program Files (x86)\Arduino\lib\batik-bridge-1.8.jar;C:\Program Files (x86)\Arduino\lib\batik-codec-1.8.jar;C:\Program Files (x86)\Arduino\lib\batik-css-1.8.jar;C:\Program Files (x86)\Arduino\lib\batik-dom-1.8.jar;C:\Program Files (x86)\Arduino\lib\batik-ext-1.8.jar;C:\Program Files (x86)\Arduino\lib\batik-gvt-1.8.jar;C:\Program Files (x86)\Arduino\lib\batik-parser-1.8.jar;C:\Program Files (x86)\Arduino\lib\batik-rasterizer-1.8.jar;C:\Program Files (x86)\Arduino\lib\batik-script-1.8.jar;C:\Program Files (x86)\Arduino\lib\batik-squiggle-1.8.jar;C:\Program Files (x86)\Arduino\lib\batik-svg-dom-1.8.jar;C:\Program Files (x86)\Arduino\lib\batik-svgpp-1.8.jar;C:\Program Files (x86)\Arduino\lib\batik-transcoder-1.8.jar;C:\Program Files (x86)\Arduino\lib\batik-util-1.8.jar;C:\Program Files (x86)\Arduino\lib\batik-xml-1.8.jar;C:\Program Files (x86)\Arduino\lib\bcpg-jdk15on-152.jar;C:\Program Files (x86)\Arduino\lib\bcprov-jdk15on-152.jar;C:\Program Files (x86)\Arduino\lib\commons-codec-1.7.jar;C:\Program Files (x86)\Arduino\lib\commons-compress-1.8.jar;C:\Program Files (x86)\Arduino\lib\commons-exec-1.1.jar;C:\Program Files (x86)\Arduino\lib\commons-httpclient-3.1.jar;C:\Program Files (x86)\Arduino\lib\commons-lang3-3.8.1.jar;C:\Program Files (x86)\Arduino\lib\commons-logging-1.0.4.jar;C:\Program Files (x86)\Arduino\lib\commons-net-3.3.jar;C:\Program Files (x86)\Arduino\lib\commons-io-2.6.jar;C:\Program Files (x86)\Arduino\lib\jackson-annotations-2.9.5.jar;C:\Program Files (x86)\Arduino\lib\jackson-core-2.9.5.jar;C:\Program Files (x86)\Arduino\lib\jackson-databind-2.9.5.jar;C:\Program Files (x86)\Arduino\lib\java-semver-0.8.0.jar;C:\Program Files (x86)\Arduino\lib\jmdns-3.5.5.jar;C:\Program
Launcher Type: SUN_STANDARD

Environment Variables:
PATH=C:\Program Files (x86)\Razer Chroma SDK\bin;C:\Program Files\Razer Chroma SDK\bin;C:\Program Files\Common Files\Oracle\Java\javapath;C:\Program Files (x86)\Common Files\Oracle\Java\javapath;C:\Program Files (x86)\Razer\ChromaBroadcast\bin;C:\Program Files\Razer\ChromaBroadcast\bin;C:\WINDOWS\system32;C:\WINDOWS;C:\WINDOWS\System32\Wbem;C:\WINDOWS\System32\WindowsPowerShell\v1.0\;C:\WINDOWS\System32\OpenSSH\;C:\WINDOWS\system32\config\systemprofile\AppData\Local\Microsoft\WindowsApps;C:\Program Files\Git\cmd;C:\Program Files\Docker\Docker\resources\bin;C:\ProgramData\DockerDesktop\version-bin;C:\Program Files\NVIDIA Corporation\NVIDIA NvDLISR;C:\Program Files\MySQL\MySQL Server 8.0\bin;;C:\WINDOWS\system32;C:\WINDOWS;C:\WINDOWS\System32\Wbem;C:\WINDOWS\System32\WindowsPowerShell\v1.0\;C:\WINDOWS\System32\OpenSSH\;C:\Program Files (x86)\NVIDIA Corporation\PhysX\Common;C:\Program Files\dotnet\;C:\Program Files\MySQL\MySQL Shell 8.0\bin\;C:\Users\User\AppData\Local\Microsoft\WindowsApps;C:\Program Files\JetBrains\IntelliJ IDEA 2021.2.3\bin;C:\Program Files (x86)\GitHub CLI\;C:\Users\User\AppData\Local\GitHubDesktop\bin;C:\Users\User\AppData\Local\Microsoft\WindowsApps;C:\Users\User\AppData\Local\Programs\Microsoft VS Code\bin;C:\Program Files (x86)\Arduino\java\bin
USERNAME=User
OS=Windows_NT
PROCESSOR_IDENTIFIER=Intel64 Family 6 Model 158 Stepping 10, GenuineIntel



---------------  S Y S T E M  ---------------

OS: Windows 10.0 , 64 bit Build 22000 (10.0.22000.708)

CPU:total 12 (initial active 12) (6 cores per cpu, 2 threads per core) family 6 model 158 stepping 10, cmov, cx8, fxsr, mmx, sse, sse2, sse3, ssse3, sse4.1, sse4.2, popcnt, avx, avx2, aes, clmul, erms, 3dnowpref, lzcnt, ht, tsc, tscinvbit, bmi1, bmi2, adx

Memory: 4k page, physical 16647476k(5851356k free), swap 33424692k(19526396k free)

vm_info: Java HotSpot(TM) Client VM (25.191-b12) for windows-x86 JRE (1.8.0_191-b12), built on Oct  6 2018 08:34:23 by "java_re" with MS VC++ 10.0 (VS2010)

time: Sun May 29 11:43:21 2022
elapsed time: 483 seconds (0d 0h 8m 3s)

